# JRE version: Java(TM) SE Runtime Environment (8.0_181-b13) (build 1.8.0_181-b13)
# Java VM: Java HotSpot(TM) 64-Bit Server VM (25.181-b13 mixed mode windows-amd64 compressed oops)
Heap:
 PSYoungGen      total 217600K, used 207908K [0x00000000d5580000, 0x00000000e6180000, 0x0000000100000000)
  eden space 215040K, 95% used [0x00000000d5580000,0x00000000e1e213d0,0x00000000e2780000)
  from space 2560K, 96% used [0x00000000e5f00000,0x00000000e6168000,0x00000000e6180000)
  to   space 11264K, 0% used [0x00000000e4b80000,0x00000000e4b80000,0x00000000e5680000)
 ParOldGen       total 60928K, used 13655K [0x0000000080000000, 0x0000000083b80000, 0x00000000d5580000)
  object space 60928K, 22% used [0x0000000080000000,0x0000000080d55d00,0x0000000083b80000)
 Metaspace       used 29696K, capacity 30660K, committed 30848K, reserved 1077248K
  class space    used 3570K, capacity 3857K, committed 3968K, reserved 1048576K
GC Heap History (10 events):
Event: 1.456 GC heap before
{Heap before GC invocations=5 (full 0):
 PSYoungGen      total 70656K, used 70651K [0x00000000d5580000, 0x00000000d9f80000, 0x0000000100000000)
  eden space 65536K, 100% used [0x00000000d5580000,0x00000000d9580000,0x00000000d9580000)
  from space 5120K, 99% used [0x00000000d9a80000,0x00000000d9f7ec10,0x00000000d9f80000)
  to   space 5120K, 0% used [0x00000000d9580000,0x00000000d9580000,0x00000000d9a80000)
 ParOldGen       total 86016K, used 3169K [0x0000000080000000, 0x0000000085400000, 0x00000000d5580000)
  object space 86016K, 3% used [0x0000000080000000,0x00000000803185b8,0x0000000085400000)
 Metaspace       used 20068K, capacity 20302K, committed 20608K, reserved 1067008K
  class space    used 2252K, capacity 2333K, committed 2432K, reserved 1048576K
Event: 1.463 GC heap after
Heap after GC invocations=5 (full 0):
 PSYoungGen      total 70656K, used 5111K [0x00000000d5580000, 0x00000000dea80000, 0x0000000100000000)
  eden space 65536K, 0% used [0x00000000d5580000,0x00000000d5580000,0x00000000d9580000)
  from space 5120K, 99% used [0x00000000d9580000,0x00000000d9a7ddd0,0x00000000d9a80000)
  to   space 10752K, 0% used [0x00000000de000000,0x00000000de000000,0x00000000dea80000)
 ParOldGen       total 86016K, used 8390K [0x0000000080000000, 0x0000000085400000, 0x00000000d5580000)
  object space 86016K, 9% used [0x0000000080000000,0x0000000080831b30,0x0000000085400000)
 Metaspace       used 20068K, capacity 20302K, committed 20608K, reserved 1067008K
  class space    used 2252K, capacity 2333K, committed 2432K, reserved 1048576K
}
Event: 1.679 GC heap before
{Heap before GC invocations=6 (full 0):
 PSYoungGen      total 70656K, used 70647K [0x00000000d5580000, 0x00000000dea80000, 0x0000000100000000)
  eden space 65536K, 100% used [0x00000000d5580000,0x00000000d9580000,0x00000000d9580000)
  from space 5120K, 99% used [0x00000000d9580000,0x00000000d9a7ddd0,0x00000000d9a80000)
  to   space 10752K, 0% used [0x00000000de000000,0x00000000de000000,0x00000000dea80000)
 ParOldGen       total 86016K, used 8390K [0x0000000080000000, 0x0000000085400000, 0x00000000d5580000)
  object space 86016K, 9% used [0x0000000080000000,0x0000000080831b30,0x0000000085400000)
 Metaspace       used 20745K, capacity 21146K, committed 21296K, reserved 1069056K
  class space    used 2300K, capacity 2414K, committed 2432K, reserved 1048576K
Event: 1.690 GC heap after
Heap after GC invocations=6 (full 0):
 PSYoungGen      total 141312K, used 9036K [0x00000000d5580000, 0x00000000deb80000, 0x0000000100000000)
  eden space 130560K, 0% used [0x00000000d5580000,0x00000000d5580000,0x00000000dd500000)
  from space 10752K, 84% used [0x00000000de000000,0x00000000de8d32d8,0x00000000dea80000)
  to   space 11264K, 0% used [0x00000000dd500000,0x00000000dd500000,0x00000000de000000)
 ParOldGen       total 86016K, used 8390K [0x0000000080000000, 0x0000000085400000, 0x00000000d5580000)
  object space 86016K, 9% used [0x0000000080000000,0x0000000080831b30,0x0000000085400000)
 Metaspace       used 20745K, capacity 21146K, committed 21296K, reserved 1069056K
  class space    used 2300K, capacity 2414K, committed 2432K, reserved 1048576K
}
Event: 1.718 GC heap before
{Heap before GC invocations=7 (full 0):
 PSYoungGen      total 141312K, used 16790K [0x00000000d5580000, 0x00000000deb80000, 0x0000000100000000)
  eden space 130560K, 5% used [0x00000000d5580000,0x00000000d5d12608,0x00000000dd500000)
  from space 10752K, 84% used [0x00000000de000000,0x00000000de8d32d8,0x00000000dea80000)
  to   space 11264K, 0% used [0x00000000dd500000,0x00000000dd500000,0x00000000de000000)
 ParOldGen       total 86016K, used 8390K [0x0000000080000000, 0x0000000085400000, 0x00000000d5580000)
  object space 86016K, 9% used [0x0000000080000000,0x0000000080831b30,0x0000000085400000)
 Metaspace       used 20822K, capacity 21152K, committed 21296K, reserved 1069056K
  class space    used 2312K, capacity 2416K, committed 2432K, reserved 1048576K
Event: 1.725 GC heap after
Heap after GC invocations=7 (full 0):
 PSYoungGen      total 141824K, used 7520K [0x00000000d5580000, 0x00000000e6980000, 0x0000000100000000)
  eden space 130560K, 0% used [0x00000000d5580000,0x00000000d5580000,0x00000000dd500000)
  from space 11264K, 66% used [0x00000000dd500000,0x00000000ddc58020,0x00000000de000000)
  to   space 10752K, 0% used [0x00000000e5f00000,0x00000000e5f00000,0x00000000e6980000)
 ParOldGen       total 86016K, used 10396K [0x0000000080000000, 0x0000000085400000, 0x00000000d5580000)
  object space 86016K, 12% used [0x0000000080000000,0x0000000080a272a0,0x0000000085400000)
 Metaspace       used 20822K, capacity 21152K, committed 21296K, reserved 1069056K
  class space    used 2312K, capacity 2416K, committed 2432K, reserved 1048576K
}
Event: 1.725 GC heap before
{Heap before GC invocations=8 (full 1):
 PSYoungGen      total 141824K, used 7520K [0x00000000d5580000, 0x00000000e6980000, 0x0000000100000000)
  eden space 130560K, 0% used [0x00000000d5580000,0x00000000d5580000,0x00000000dd500000)
  from space 11264K, 66% used [0x00000000dd500000,0x00000000ddc58020,0x00000000de000000)
  to   space 10752K, 0% used [0x00000000e5f00000,0x00000000e5f00000,0x00000000e6980000)
 ParOldGen       total 86016K, used 10396K [0x0000000080000000, 0x0000000085400000, 0x00000000d5580000)
  object space 86016K, 12% used [0x0000000080000000,0x0000000080a272a0,0x0000000085400000)
 Metaspace       used 20822K, capacity 21152K, committed 21296K, reserved 1069056K
  class space    used 2312K, capacity 2416K, committed 2432K, reserved 1048576K
Event: 1.770 GC heap after
Heap after GC invocations=8 (full 1):
 PSYoungGen      total 141824K, used 0K [0x00000000d5580000, 0x00000000e6980000, 0x0000000100000000)
  eden space 130560K, 0% used [0x00000000d5580000,0x00000000d5580000,0x00000000dd500000)
  from space 11264K, 0% used [0x00000000dd500000,0x00000000dd500000,0x00000000de000000)
  to   space 10752K, 0% used [0x00000000e5f00000,0x00000000e5f00000,0x00000000e6980000)
 ParOldGen       total 60928K, used 13647K [0x0000000080000000, 0x0000000083b80000, 0x00000000d5580000)
  object space 60928K, 22% used [0x0000000080000000,0x0000000080d53d00,0x0000000083b80000)
 Metaspace       used 20822K, capacity 21152K, committed 21296K, reserved 1069056K
  class space    used 2312K, capacity 2416K, committed 2432K, reserved 1048576K
}
Event: 2.316 GC heap before
{Heap before GC invocations=9 (full 1):
 PSYoungGen      total 141824K, used 130560K [0x00000000d5580000, 0x00000000e6980000, 0x0000000100000000)
  eden space 130560K, 100% used [0x00000000d5580000,0x00000000dd500000,0x00000000dd500000)
  from space 11264K, 0% used [0x00000000dd500000,0x00000000dd500000,0x00000000de000000)
  to   space 10752K, 0% used [0x00000000e5f00000,0x00000000e5f00000,0x00000000e6980000)
 ParOldGen       total 60928K, used 13647K [0x0000000080000000, 0x0000000083b80000, 0x00000000d5580000)
  object space 60928K, 22% used [0x0000000080000000,0x0000000080d53d00,0x0000000083b80000)
 Metaspace       used 22476K, capacity 22850K, committed 23088K, reserved 1069056K
  class space    used 2582K, capacity 2681K, committed 2688K, reserved 1048576K
Event: 2.319 GC heap after
Heap after GC invocations=9 (full 1):
 PSYoungGen      total 217600K, used 2464K [0x00000000d5580000, 0x00000000e6180000, 0x0000000100000000)
  eden space 215040K, 0% used [0x00000000d5580000,0x00000000d5580000,0x00000000e2780000)
  from space 2560K, 96% used [0x00000000e5f00000,0x00000000e6168000,0x00000000e6180000)
  to   space 11264K, 0% used [0x00000000e4b80000,0x00000000e4b80000,0x00000000e5680000)
 ParOldGen       total 60928K, used 13655K [0x0000000080000000, 0x0000000083b80000, 0x00000000d5580000)
  object space 60928K, 22% used [0x0000000080000000,0x0000000080d55d00,0x0000000083b80000)
 Metaspace       used 22476K, capacity 22850K, committed 23088K, reserved 1069056K
  class space    used 2582K, capacity 2681K, committed 2688K, reserved 1048576K
}

