# JRE version: Java(TM) SE Runtime Environment (8.0_181-b13) (build 1.8.0_181-b13)
# Java VM: Java HotSpot(TM) 64-Bit Server VM (25.181-b13 mixed mode windows-amd64 compressed oops)
Heap:
 PSYoungGen      total 263168K, used 20703K [0x00000000d5580000, 0x00000000ea000000, 0x0000000100000000)
  eden space 251904K, 3% used [0x00000000d5580000,0x00000000d5f07170,0x00000000e4b80000)
  from space 11264K, 97% used [0x00000000e4b80000,0x00000000e5630cf0,0x00000000e5680000)
  to   space 12800K, 0% used [0x00000000e9380000,0x00000000e9380000,0x00000000ea000000)
 ParOldGen       total 59392K, used 13656K [0x0000000080000000, 0x0000000083a00000, 0x00000000d5580000)
  object space 59392K, 22% used [0x0000000080000000,0x0000000080d560b0,0x0000000083a00000)
 Metaspace       used 30123K, capacity 31176K, committed 31360K, reserved 1077248K
  class space    used 3635K, capacity 3956K, committed 3968K, reserved 1048576K
GC Heap History (10 events):
Event: 1.853 GC heap before
{Heap before GC invocations=6 (full 0):
 PSYoungGen      total 70656K, used 70656K [0x00000000d5580000, 0x00000000dea80000, 0x0000000100000000)
  eden space 65536K, 100% used [0x00000000d5580000,0x00000000d9580000,0x00000000d9580000)
  from space 5120K, 100% used [0x00000000d9580000,0x00000000d9a80000,0x00000000d9a80000)
  to   space 10752K, 0% used [0x00000000de000000,0x00000000de000000,0x00000000dea80000)
 ParOldGen       total 86016K, used 8336K [0x0000000080000000, 0x0000000085400000, 0x00000000d5580000)
  object space 86016K, 9% used [0x0000000080000000,0x00000000808241f8,0x0000000085400000)
 Metaspace       used 20751K, capacity 21084K, committed 21296K, reserved 1069056K
  class space    used 2309K, capacity 2416K, committed 2432K, reserved 1048576K
Event: 1.865 GC heap after
Heap after GC invocations=6 (full 0):
 PSYoungGen      total 141312K, used 9276K [0x00000000d5580000, 0x00000000deb80000, 0x0000000100000000)
  eden space 130560K, 0% used [0x00000000d5580000,0x00000000d5580000,0x00000000dd500000)
  from space 10752K, 86% used [0x00000000de000000,0x00000000de90f2a8,0x00000000dea80000)
  to   space 11264K, 0% used [0x00000000dd500000,0x00000000dd500000,0x00000000de000000)
 ParOldGen       total 86016K, used 8344K [0x0000000080000000, 0x0000000085400000, 0x00000000d5580000)
  object space 86016K, 9% used [0x0000000080000000,0x00000000808261f8,0x0000000085400000)
 Metaspace       used 20751K, capacity 21084K, committed 21296K, reserved 1069056K
  class space    used 2309K, capacity 2416K, committed 2432K, reserved 1048576K
}
Event: 1.887 GC heap before
{Heap before GC invocations=7 (full 0):
 PSYoungGen      total 141312K, used 14461K [0x00000000d5580000, 0x00000000deb80000, 0x0000000100000000)
  eden space 130560K, 3% used [0x00000000d5580000,0x00000000d5a904a0,0x00000000dd500000)
  from space 10752K, 86% used [0x00000000de000000,0x00000000de90f2a8,0x00000000dea80000)
  to   space 11264K, 0% used [0x00000000dd500000,0x00000000dd500000,0x00000000de000000)
 ParOldGen       total 86016K, used 8344K [0x0000000080000000, 0x0000000085400000, 0x00000000d5580000)
  object space 86016K, 9% used [0x0000000080000000,0x00000000808261f8,0x0000000085400000)
 Metaspace       used 20836K, capacity 21148K, committed 21296K, reserved 1069056K
  class space    used 2323K, capacity 2416K, committed 2432K, reserved 1048576K
Event: 1.899 GC heap after
Heap after GC invocations=7 (full 0):
 PSYoungGen      total 141824K, used 6960K [0x00000000d5580000, 0x00000000e6980000, 0x0000000100000000)
  eden space 130560K, 0% used [0x00000000d5580000,0x00000000d5580000,0x00000000dd500000)
  from space 11264K, 61% used [0x00000000dd500000,0x00000000ddbcc010,0x00000000de000000)
  to   space 10752K, 0% used [0x00000000e5f00000,0x00000000e5f00000,0x00000000e6980000)
 ParOldGen       total 86016K, used 10849K [0x0000000080000000, 0x0000000085400000, 0x00000000d5580000)
  object space 86016K, 12% used [0x0000000080000000,0x0000000080a98490,0x0000000085400000)
 Metaspace       used 20836K, capacity 21148K, committed 21296K, reserved 1069056K
  class space    used 2323K, capacity 2416K, committed 2432K, reserved 1048576K
}
Event: 1.899 GC heap before
{Heap before GC invocations=8 (full 1):
 PSYoungGen      total 141824K, used 6960K [0x00000000d5580000, 0x00000000e6980000, 0x0000000100000000)
  eden space 130560K, 0% used [0x00000000d5580000,0x00000000d5580000,0x00000000dd500000)
  from space 11264K, 61% used [0x00000000dd500000,0x00000000ddbcc010,0x00000000de000000)
  to   space 10752K, 0% used [0x00000000e5f00000,0x00000000e5f00000,0x00000000e6980000)
 ParOldGen       total 86016K, used 10849K [0x0000000080000000, 0x0000000085400000, 0x00000000d5580000)
  object space 86016K, 12% used [0x0000000080000000,0x0000000080a98490,0x0000000085400000)
 Metaspace       used 20836K, capacity 21148K, committed 21296K, reserved 1069056K
  class space    used 2323K, capacity 2416K, committed 2432K, reserved 1048576K
Event: 1.958 GC heap after
Heap after GC invocations=8 (full 1):
 PSYoungGen      total 141824K, used 0K [0x00000000d5580000, 0x00000000e6980000, 0x0000000100000000)
  eden space 130560K, 0% used [0x00000000d5580000,0x00000000d5580000,0x00000000dd500000)
  from space 11264K, 0% used [0x00000000dd500000,0x00000000dd500000,0x00000000de000000)
  to   space 10752K, 0% used [0x00000000e5f00000,0x00000000e5f00000,0x00000000e6980000)
 ParOldGen       total 59392K, used 13640K [0x0000000080000000, 0x0000000083a00000, 0x00000000d5580000)
  object space 59392K, 22% used [0x0000000080000000,0x0000000080d520b0,0x0000000083a00000)
 Metaspace       used 20836K, capacity 21148K, committed 21296K, reserved 1069056K
  class space    used 2323K, capacity 2416K, committed 2432K, reserved 1048576K
}
Event: 2.497 GC heap before
{Heap before GC invocations=9 (full 1):
 PSYoungGen      total 141824K, used 130560K [0x00000000d5580000, 0x00000000e6980000, 0x0000000100000000)
  eden space 130560K, 100% used [0x00000000d5580000,0x00000000dd500000,0x00000000dd500000)
  from space 11264K, 0% used [0x00000000dd500000,0x00000000dd500000,0x00000000de000000)
  to   space 10752K, 0% used [0x00000000e5f00000,0x00000000e5f00000,0x00000000e6980000)
 ParOldGen       total 59392K, used 13640K [0x0000000080000000, 0x0000000083a00000, 0x00000000d5580000)
  object space 59392K, 22% used [0x0000000080000000,0x0000000080d520b0,0x0000000083a00000)
 Metaspace       used 22416K, capacity 22782K, committed 23088K, reserved 1069056K
  class space    used 2585K, capacity 2681K, committed 2688K, reserved 1048576K
Event: 2.500 GC heap after
Heap after GC invocations=9 (full 1):
 PSYoungGen      total 226816K, used 2432K [0x00000000d5580000, 0x00000000e6180000, 0x0000000100000000)
  eden space 224256K, 0% used [0x00000000d5580000,0x00000000d5580000,0x00000000e3080000)
  from space 2560K, 95% used [0x00000000e5f00000,0x00000000e6160000,0x00000000e6180000)
  to   space 11264K, 0% used [0x00000000e4b80000,0x00000000e4b80000,0x00000000e5680000)
 ParOldGen       total 59392K, used 13648K [0x0000000080000000, 0x0000000083a00000, 0x00000000d5580000)
  object space 59392K, 22% used [0x0000000080000000,0x0000000080d540b0,0x0000000083a00000)
 Metaspace       used 22416K, capacity 22782K, committed 23088K, reserved 1069056K
  class space    used 2585K, capacity 2681K, committed 2688K, reserved 1048576K
}
Event: 7.117 GC heap before
{Heap before GC invocations=10 (full 1):
 PSYoungGen      total 226816K, used 226688K [0x00000000d5580000, 0x00000000e6180000, 0x0000000100000000)
  eden space 224256K, 100% used [0x00000000d5580000,0x00000000e3080000,0x00000000e3080000)
  from space 2560K, 95% used [0x00000000e5f00000,0x00000000e6160000,0x00000000e6180000)
  to   space 11264K, 0% used [0x00000000e4b80000,0x00000000e4b80000,0x00000000e5680000)
 ParOldGen       total 59392K, used 13648K [0x0000000080000000, 0x0000000083a00000, 0x00000000d5580000)
  object space 59392K, 22% used [0x0000000080000000,0x0000000080d540b0,0x0000000083a00000)
 Metaspace       used 30110K, capacity 31162K, committed 31360K, reserved 1077248K
  class space    used 3634K, capacity 3954K, committed 3968K, reserved 1048576K
Event: 7.128 GC heap after
Heap after GC invocations=10 (full 1):
 PSYoungGen      total 263168K, used 10947K [0x00000000d5580000, 0x00000000ea000000, 0x0000000100000000)
  eden space 251904K, 0% used [0x00000000d5580000,0x00000000d5580000,0x00000000e4b80000)
  from space 11264K, 97% used [0x00000000e4b80000,0x00000000e5630cf0,0x00000000e5680000)
  to   space 12800K, 0% used [0x00000000e9380000,0x00000000e9380000,0x00000000ea000000)
 ParOldGen       total 59392K, used 13656K [0x0000000080000000, 0x0000000083a00000, 0x00000000d5580000)
  object space 59392K, 22% used [0x0000000080000000,0x0000000080d560b0,0x0000000083a00000)
 Metaspace       used 30110K, capacity 31162K, committed 31360K, reserved 1077248K
  class space    used 3634K, capacity 3954K, committed 3968K, reserved 1048576K
}

